<?xml version="1.0" encoding="UTF-8"?>
<!-- Generated by org.testng.reporters.JUnitXMLReporter -->
<testsuite ignored="0" hostname="DESKTOP-QAFE254" failures="1" tests="2" name="Test" time="35.161" errors="0" timestamp="2022-10-08T16:04:36 IST">
  <testcase classname="Chapter_3.TestNG_Annotation" name="mainclass" time="11.455"/>
  <testcase classname="Chapter_3.TestNG_Annotation2" name="mainclass" time="5.509">
    <failure type="java.lang.AssertionError" message="The following asserts failed:
	expected [hello] but found [Forgotten Password | Can&amp;apos;t Log In | Facebook]">
      <![CDATA[java.lang.AssertionError: The following asserts failed:
expected [hello] but found [Forgotten Password | Can't Log In | Facebook]
at Chapter_3.TestNG_Annotation2.mainclass(TestNG_Annotation2.java:47)
at java.base/java.util.ArrayList.forEach(ArrayList.java:1511)
... Removed 29 stack frames]]>
    </failure>
  </testcase> <!-- mainclass -->
</testsuite> <!-- Test -->
