<?xml version="1.0" encoding="UTF-8"?>
<testng-results ignored="0" total="1" passed="1" failed="0" skipped="0">
  <reporter-output>
    <line>
      <![CDATA[https://www.facebook.com/login/identify/?ctx=recover&ars=facebook_login&from_login_screen=0]]>
    </line>
    <line>
      <![CDATA[Forgotten Password | Can't Log In | Facebook]]>
    </line>
  </reporter-output>
  <suite started-at="2022-10-08T16:06:14 IST" name="Failed suite [Suite]" finished-at="2022-10-08T16:06:26 IST" duration-ms="11517">
    <groups>
    </groups>
    <test started-at="2022-10-08T16:06:14 IST" name="Test(failed)" finished-at="2022-10-08T16:06:26 IST" duration-ms="11517">
      <class name="Chapter_3.TestNG_Annotation2">
        <test-method is-config="true" signature="OpenApp()[pri:0, instance:Chapter_3.TestNG_Annotation2@2ea227af]" started-at="2022-10-08T16:06:14 IST" name="OpenApp" finished-at="2022-10-08T16:06:20 IST" duration-ms="6055" status="PASS">
          <reporter-output>
          </reporter-output>
        </test-method> <!-- OpenApp -->
        <test-method signature="mainclass()[pri:0, instance:Chapter_3.TestNG_Annotation2@2ea227af]" started-at="2022-10-08T16:06:20 IST" name="mainclass" finished-at="2022-10-08T16:06:25 IST" duration-ms="4957" status="PASS">
          <reporter-output>
            <line>
              <![CDATA[https://www.facebook.com/login/identify/?ctx=recover&ars=facebook_login&from_login_screen=0]]>
            </line>
            <line>
              <![CDATA[Forgotten Password | Can't Log In | Facebook]]>
            </line>
          </reporter-output>
        </test-method> <!-- mainclass -->
        <test-method is-config="true" signature="close()[pri:0, instance:Chapter_3.TestNG_Annotation2@2ea227af]" started-at="2022-10-08T16:06:25 IST" name="close" finished-at="2022-10-08T16:06:26 IST" duration-ms="437" status="PASS">
          <reporter-output>
          </reporter-output>
        </test-method> <!-- close -->
      </class> <!-- Chapter_3.TestNG_Annotation2 -->
    </test> <!-- Test(failed) -->
  </suite> <!-- Failed suite [Suite] -->
</testng-results>
