<?xml version="1.0" encoding="UTF-8"?>
<!-- Generated by org.testng.reporters.JUnitReportReporter -->
<testsuite hostname="DESKTOP-QAFE254" failures="0" tests="1" name="Chapter_3.TestNG_Annotation" time="20.112" errors="0" timestamp="2022-10-08T16:04:36 IST" skipped="0">
  <testcase classname="Chapter_3.TestNG_Annotation" name="mainclass" time="20.112"/>
  <system-out>
    <![CDATA[https://www.facebook.com/login/?privacy_mutation_token=eyJ0eXBlIjowLCJjcmVhdGlvbl90aW1lIjoxNjY1MjI1MjQ2LCJjYWxsc2l0ZV9pZCI6MzgxMjI5MDc5NTc1OTQ2fQ%3D%3D
Facebook – log in or sign up]]>
  </system-out>
</testsuite> <!-- Chapter_3.TestNG_Annotation -->
